
Subcircuit summary:
Circuit 1: nand3.spc                       |Circuit 2: nand3_magic.spice               
-------------------------------------------|-------------------------------------------
nfet (3)                                   |nfet (3)                                   
pfet (3)                                   |pfet (3)                                   
Number of devices: 6                       |Number of devices: 6                       
Number of nets: 8                          |Number of nets: 8                          
---------------------------------------------------------------------------------------
Netlists match uniquely with property errors.
pfet:6 vs. pfet:1004:
 L circuit1: 6e-07   circuit2: 2   (delta=200%, cutoff=1%)
 W circuit1: 6e-06   circuit2: 20   (delta=200%, cutoff=1%)
pfet:6 vs. pfet:1004:
Property ps in circuit2 has no matching property in circuit1
pfet:6 vs. pfet:1004:
Property as in circuit2 has no matching property in circuit1
pfet:6 vs. pfet:1004:
Property pd in circuit2 has no matching property in circuit1
pfet:6 vs. pfet:1004:
Property ad in circuit2 has no matching property in circuit1
pfet:5 vs. pfet:1000:
 L circuit1: 6e-07   circuit2: 2   (delta=200%, cutoff=1%)
 W circuit1: 6e-06   circuit2: 20   (delta=200%, cutoff=1%)
pfet:5 vs. pfet:1000:
Property ps in circuit2 has no matching property in circuit1
pfet:5 vs. pfet:1000:
Property as in circuit2 has no matching property in circuit1
pfet:5 vs. pfet:1000:
Property pd in circuit2 has no matching property in circuit1
pfet:5 vs. pfet:1000:
Property ad in circuit2 has no matching property in circuit1
pfet:4 vs. pfet:1005:
 L circuit1: 6e-07   circuit2: 2   (delta=200%, cutoff=1%)
 W circuit1: 6e-06   circuit2: 20   (delta=200%, cutoff=1%)
pfet:4 vs. pfet:1005:
Property ps in circuit2 has no matching property in circuit1
pfet:4 vs. pfet:1005:
Property as in circuit2 has no matching property in circuit1
pfet:4 vs. pfet:1005:
Property pd in circuit2 has no matching property in circuit1
pfet:4 vs. pfet:1005:
Property ad in circuit2 has no matching property in circuit1
nfet:2 vs. nfet:1002:
 L circuit1: 6e-07   circuit2: 2   (delta=200%, cutoff=1%)
 W circuit1: 9e-06   circuit2: 30   (delta=200%, cutoff=1%)
nfet:2 vs. nfet:1002:
Property ps in circuit2 has no matching property in circuit1
nfet:2 vs. nfet:1002:
Property as in circuit2 has no matching property in circuit1
nfet:2 vs. nfet:1002:
Property pd in circuit2 has no matching property in circuit1
nfet:2 vs. nfet:1002:
Property ad in circuit2 has no matching property in circuit1
nfet:3 vs. nfet:1003:
 L circuit1: 6e-07   circuit2: 2   (delta=200%, cutoff=1%)
 W circuit1: 9e-06   circuit2: 30   (delta=200%, cutoff=1%)
nfet:3 vs. nfet:1003:
Property ps in circuit2 has no matching property in circuit1
nfet:3 vs. nfet:1003:
Property as in circuit2 has no matching property in circuit1
nfet:3 vs. nfet:1003:
Property pd in circuit2 has no matching property in circuit1
nfet:3 vs. nfet:1003:
Property ad in circuit2 has no matching property in circuit1
nfet:1 vs. nfet:1001:
 L circuit1: 6e-07   circuit2: 2   (delta=200%, cutoff=1%)
 W circuit1: 9e-06   circuit2: 30   (delta=200%, cutoff=1%)
nfet:1 vs. nfet:1001:
Property ps in circuit2 has no matching property in circuit1
nfet:1 vs. nfet:1001:
Property as in circuit2 has no matching property in circuit1
nfet:1 vs. nfet:1001:
Property pd in circuit2 has no matching property in circuit1
nfet:1 vs. nfet:1001:
Property ad in circuit2 has no matching property in circuit1
Cells have no pins;  pin matching not needed.
Device classes nand3.spc and nand3_magic.spice are equivalent.

Final result: Circuits match uniquely.
Property errors were found.

The following cells had property errors:
 nand3.spc
